{"level":"error","message":"OTP request failed:","timestamp":"2026-04-16T14:05:16.779Z"}
{"level":"error","message":"SASL: SCRAM-SERVER-FIRST-MESSAGE: client password must be a string","path":"/api/otp/request","stack":"Error: SASL: SCRAM-SERVER-FIRST-MESSAGE: client password must be a string\n    at /home/vishnu/Downloads/blockchain-otp-complete/blockchain-otp/backend/node_modules/pg-pool/index.js:45:11\n    at process.processTicksAndRejections (node:internal/process/task_queues:105:5)\n    at async /home/vishnu/Downloads/blockchain-otp-complete/blockchain-otp/backend/routes/otp.js:73:24","timestamp":"2026-04-16T14:05:16.782Z"}
{"level":"error","message":"OTP request failed:","timestamp":"2026-04-16T14:14:01.015Z"}
{"level":"error","message":"SASL: SCRAM-SERVER-FIRST-MESSAGE: client password must be a string","path":"/api/otp/request","stack":"Error: SASL: SCRAM-SERVER-FIRST-MESSAGE: client password must be a string\n    at /home/vishnu/Downloads/blockchain-otp-complete/blockchain-otp/backend/node_modules/pg-pool/index.js:45:11\n    at process.processTicksAndRejections (node:internal/process/task_queues:105:5)\n    at async /home/vishnu/Downloads/blockchain-otp-complete/blockchain-otp/backend/routes/otp.js:73:24","timestamp":"2026-04-16T14:14:01.017Z"}
{"level":"error","message":"OTP request failed:","timestamp":"2026-04-16T14:14:10.408Z"}
{"level":"error","message":"SASL: SCRAM-SERVER-FIRST-MESSAGE: client password must be a string","path":"/api/otp/request","stack":"Error: SASL: SCRAM-SERVER-FIRST-MESSAGE: client password must be a string\n    at /home/vishnu/Downloads/blockchain-otp-complete/blockchain-otp/backend/node_modules/pg-pool/index.js:45:11\n    at process.processTicksAndRejections (node:internal/process/task_queues:105:5)\n    at async /home/vishnu/Downloads/blockchain-otp-complete/blockchain-otp/backend/routes/otp.js:73:24","timestamp":"2026-04-16T14:14:10.409Z"}
{"level":"error","message":"OTP request failed:","timestamp":"2026-04-16T14:16:37.861Z"}
{"level":"error","message":"SASL: SCRAM-SERVER-FIRST-MESSAGE: client password must be a string","path":"/api/otp/request","stack":"Error: SASL: SCRAM-SERVER-FIRST-MESSAGE: client password must be a string\n    at /home/vishnu/Downloads/blockchain-otp-complete/blockchain-otp/backend/node_modules/pg-pool/index.js:45:11\n    at process.processTicksAndRejections (node:internal/process/task_queues:105:5)\n    at async /home/vishnu/Downloads/blockchain-otp-complete/blockchain-otp/backend/routes/otp.js:73:24","timestamp":"2026-04-16T14:16:37.864Z"}
{"level":"error","message":"OTP request failed:","timestamp":"2026-04-16T14:17:17.844Z"}
{"level":"error","message":"SASL: SCRAM-SERVER-FIRST-MESSAGE: client password must be a string","path":"/api/otp/request","stack":"Error: SASL: SCRAM-SERVER-FIRST-MESSAGE: client password must be a string\n    at /home/vishnu/Downloads/blockchain-otp-complete/blockchain-otp/backend/node_modules/pg-pool/index.js:45:11\n    at process.processTicksAndRejections (node:internal/process/task_queues:105:5)\n    at async /home/vishnu/Downloads/blockchain-otp-complete/blockchain-otp/backend/routes/otp.js:73:24","timestamp":"2026-04-16T14:17:17.845Z"}
{"level":"error","message":"SASL: SCRAM-SERVER-FIRST-MESSAGE: client password must be a string","path":"/api/auth/register","stack":"Error: SASL: SCRAM-SERVER-FIRST-MESSAGE: client password must be a string\n    at /home/vishnu/Downloads/blockchain-otp-complete/blockchain-otp/backend/node_modules/pg-pool/index.js:45:11\n    at process.processTicksAndRejections (node:internal/process/task_queues:105:5)\n    at async /home/vishnu/Downloads/blockchain-otp-complete/blockchain-otp/backend/routes/auth.js:45:5","timestamp":"2026-04-17T12:12:45.846Z"}
{"level":"error","message":"SASL: SCRAM-SERVER-FIRST-MESSAGE: client password must be a string","path":"/api/auth/register","stack":"Error: SASL: SCRAM-SERVER-FIRST-MESSAGE: client password must be a string\n    at /home/vishnu/Downloads/blockchain-otp-complete/blockchain-otp/backend/node_modules/pg-pool/index.js:45:11\n    at process.processTicksAndRejections (node:internal/process/task_queues:105:5)\n    at async /home/vishnu/Downloads/blockchain-otp-complete/blockchain-otp/backend/routes/auth.js:47:5","timestamp":"2026-04-17T12:14:17.720Z"}
{"level":"error","message":"SASL: SCRAM-SERVER-FIRST-MESSAGE: client password must be a string","path":"/api/auth/register","stack":"Error: SASL: SCRAM-SERVER-FIRST-MESSAGE: client password must be a string\n    at /home/vishnu/Downloads/blockchain-otp-complete/blockchain-otp/backend/node_modules/pg-pool/index.js:45:11\n    at process.processTicksAndRejections (node:internal/process/task_queues:105:5)\n    at async /home/vishnu/Downloads/blockchain-otp-complete/blockchain-otp/backend/routes/auth.js:49:5","timestamp":"2026-04-17T12:14:50.950Z"}
{"level":"error","message":"SASL: SCRAM-SERVER-FIRST-MESSAGE: client password must be a string","path":"/api/auth/register","stack":"Error: SASL: SCRAM-SERVER-FIRST-MESSAGE: client password must be a string\n    at /home/vishnu/Downloads/blockchain-otp-complete/blockchain-otp/backend/node_modules/pg-pool/index.js:45:11\n    at process.processTicksAndRejections (node:internal/process/task_queues:105:5)\n    at async /home/vishnu/Downloads/blockchain-otp-complete/blockchain-otp/backend/routes/auth.js:49:5","timestamp":"2026-04-17T12:17:11.441Z"}
{"level":"error","message":"SASL: SCRAM-SERVER-FIRST-MESSAGE: client password must be a string","path":"/api/auth/register","stack":"Error: SASL: SCRAM-SERVER-FIRST-MESSAGE: client password must be a string\n    at /home/vishnu/Downloads/blockchain-otp-complete/blockchain-otp/backend/node_modules/pg-pool/index.js:45:11\n    at process.processTicksAndRejections (node:internal/process/task_queues:105:5)\n    at async /home/vishnu/Downloads/blockchain-otp-complete/blockchain-otp/backend/routes/auth.js:49:5","timestamp":"2026-04-17T12:20:12.059Z"}
{"level":"error","message":"passwordHash is not defined","path":"/api/auth/register","stack":"ReferenceError: passwordHash is not defined\n    at /home/vishnu/Downloads/blockchain-otp-complete/blockchain-otp/backend/routes/auth.js:49:17\n    at Layer.handle [as handle_request] (/home/vishnu/Downloads/blockchain-otp-complete/blockchain-otp/backend/node_modules/express/lib/router/layer.js:95:5)\n    at next (/home/vishnu/Downloads/blockchain-otp-complete/blockchain-otp/backend/node_modules/express/lib/router/route.js:149:13)\n    at Route.dispatch (/home/vishnu/Downloads/blockchain-otp-complete/blockchain-otp/backend/node_modules/express/lib/router/route.js:119:3)\n    at Layer.handle [as handle_request] (/home/vishnu/Downloads/blockchain-otp-complete/blockchain-otp/backend/node_modules/express/lib/router/layer.js:95:5)\n    at /home/vishnu/Downloads/blockchain-otp-complete/blockchain-otp/backend/node_modules/express/lib/router/index.js:284:15\n    at Function.process_params (/home/vishnu/Downloads/blockchain-otp-complete/blockchain-otp/backend/node_modules/express/lib/router/index.js:346:12)\n    at next (/home/vishnu/Downloads/blockchain-otp-complete/blockchain-otp/backend/node_modules/express/lib/router/index.js:280:10)\n    at Function.handle (/home/vishnu/Downloads/blockchain-otp-complete/blockchain-otp/backend/node_modules/express/lib/router/index.js:175:3)\n    at router (/home/vishnu/Downloads/blockchain-otp-complete/blockchain-otp/backend/node_modules/express/lib/router/index.js:47:12)","timestamp":"2026-04-17T12:27:50.292Z"}
{"level":"error","message":"passwordHash is not defined","path":"/api/auth/register","stack":"ReferenceError: passwordHash is not defined\n    at /home/vishnu/Downloads/blockchain-otp-complete/blockchain-otp/backend/routes/auth.js:52:23\n    at Layer.handle [as handle_request] (/home/vishnu/Downloads/blockchain-otp-complete/blockchain-otp/backend/node_modules/express/lib/router/layer.js:95:5)\n    at next (/home/vishnu/Downloads/blockchain-otp-complete/blockchain-otp/backend/node_modules/express/lib/router/route.js:149:13)\n    at Route.dispatch (/home/vishnu/Downloads/blockchain-otp-complete/blockchain-otp/backend/node_modules/express/lib/router/route.js:119:3)\n    at Layer.handle [as handle_request] (/home/vishnu/Downloads/blockchain-otp-complete/blockchain-otp/backend/node_modules/express/lib/router/layer.js:95:5)\n    at /home/vishnu/Downloads/blockchain-otp-complete/blockchain-otp/backend/node_modules/express/lib/router/index.js:284:15\n    at Function.process_params (/home/vishnu/Downloads/blockchain-otp-complete/blockchain-otp/backend/node_modules/express/lib/router/index.js:346:12)\n    at next (/home/vishnu/Downloads/blockchain-otp-complete/blockchain-otp/backend/node_modules/express/lib/router/index.js:280:10)\n    at Function.handle (/home/vishnu/Downloads/blockchain-otp-complete/blockchain-otp/backend/node_modules/express/lib/router/index.js:175:3)\n    at router (/home/vishnu/Downloads/blockchain-otp-complete/blockchain-otp/backend/node_modules/express/lib/router/index.js:47:12)","timestamp":"2026-04-17T12:28:01.596Z"}
{"level":"error","message":"passwordHash is not defined","path":"/api/auth/register","stack":"ReferenceError: passwordHash is not defined\n    at /home/vishnu/Downloads/blockchain-otp-complete/blockchain-otp/backend/routes/auth.js:52:23\n    at Layer.handle [as handle_request] (/home/vishnu/Downloads/blockchain-otp-complete/blockchain-otp/backend/node_modules/express/lib/router/layer.js:95:5)\n    at next (/home/vishnu/Downloads/blockchain-otp-complete/blockchain-otp/backend/node_modules/express/lib/router/route.js:149:13)\n    at Route.dispatch (/home/vishnu/Downloads/blockchain-otp-complete/blockchain-otp/backend/node_modules/express/lib/router/route.js:119:3)\n    at Layer.handle [as handle_request] (/home/vishnu/Downloads/blockchain-otp-complete/blockchain-otp/backend/node_modules/express/lib/router/layer.js:95:5)\n    at /home/vishnu/Downloads/blockchain-otp-complete/blockchain-otp/backend/node_modules/express/lib/router/index.js:284:15\n    at Function.process_params (/home/vishnu/Downloads/blockchain-otp-complete/blockchain-otp/backend/node_modules/express/lib/router/index.js:346:12)\n    at next (/home/vishnu/Downloads/blockchain-otp-complete/blockchain-otp/backend/node_modules/express/lib/router/index.js:280:10)\n    at Function.handle (/home/vishnu/Downloads/blockchain-otp-complete/blockchain-otp/backend/node_modules/express/lib/router/index.js:175:3)\n    at router (/home/vishnu/Downloads/blockchain-otp-complete/blockchain-otp/backend/node_modules/express/lib/router/index.js:47:12)","timestamp":"2026-04-17T12:28:04.179Z"}
{"level":"error","message":"getaddrinfo EAI_AGAIN postgres","path":"/api/auth/register","stack":"Error: getaddrinfo EAI_AGAIN postgres\n    at /home/vishnu/Downloads/blockchain-otp-complete/blockchain-otp/backend/node_modules/pg-pool/index.js:45:11\n    at process.processTicksAndRejections (node:internal/process/task_queues:105:5)\n    at async /home/vishnu/Downloads/blockchain-otp-complete/blockchain-otp/backend/routes/auth.js:50:5","timestamp":"2026-04-17T12:28:27.429Z"}
{"level":"error","message":"Cannot read properties of undefined (reading 'userId')","path":"/api/auth/profile","stack":"TypeError: Cannot read properties of undefined (reading 'userId')\n    at /home/vishnu/Downloads/blockchain-otp-complete/blockchain-otp/backend/routes/auth.js:121:26\n    at Layer.handle [as handle_request] (/home/vishnu/Downloads/blockchain-otp-complete/blockchain-otp/backend/node_modules/express/lib/router/layer.js:95:5)\n    at next (/home/vishnu/Downloads/blockchain-otp-complete/blockchain-otp/backend/node_modules/express/lib/router/route.js:149:13)\n    at Route.dispatch (/home/vishnu/Downloads/blockchain-otp-complete/blockchain-otp/backend/node_modules/express/lib/router/route.js:119:3)\n    at Layer.handle [as handle_request] (/home/vishnu/Downloads/blockchain-otp-complete/blockchain-otp/backend/node_modules/express/lib/router/layer.js:95:5)\n    at /home/vishnu/Downloads/blockchain-otp-complete/blockchain-otp/backend/node_modules/express/lib/router/index.js:284:15\n    at Function.process_params (/home/vishnu/Downloads/blockchain-otp-complete/blockchain-otp/backend/node_modules/express/lib/router/index.js:346:12)\n    at next (/home/vishnu/Downloads/blockchain-otp-complete/blockchain-otp/backend/node_modules/express/lib/router/index.js:280:10)\n    at Function.handle (/home/vishnu/Downloads/blockchain-otp-complete/blockchain-otp/backend/node_modules/express/lib/router/index.js:175:3)\n    at router (/home/vishnu/Downloads/blockchain-otp-complete/blockchain-otp/backend/node_modules/express/lib/router/index.js:47:12)","timestamp":"2026-04-17T22:24:19.788Z"}
{"level":"error","message":"OTP request failed:","timestamp":"2026-04-17T22:26:06.082Z"}
{"level":"error","message":"Fabric client not connected. Call connectToFabric() first.","path":"/api/otp/request","stack":"Error: Fabric client not connected. Call connectToFabric() first.\n    at ensureConnected (/home/vishnu/Downloads/blockchain-otp-complete/blockchain-otp/backend/services/fabric-client.js:220:11)\n    at Object.storeOTPHash (/home/vishnu/Downloads/blockchain-otp-complete/blockchain-otp/backend/services/fabric-client.js:121:3)\n    at /home/vishnu/Downloads/blockchain-otp-complete/blockchain-otp/backend/routes/otp.js:105:18\n    at process.processTicksAndRejections (node:internal/process/task_queues:105:5)","timestamp":"2026-04-17T22:26:06.084Z"}
{"level":"error","message":"Failed to connect to Fabric:","timestamp":"2026-04-17T22:29:02.896Z"}
{"level":"error","message":"Failed to connect to Fabric:","timestamp":"2026-04-17T22:30:45.521Z"}
{"level":"error","message":"Failed to connect to Fabric:","timestamp":"2026-04-17T22:30:50.160Z"}
{"level":"error","message":"Failed to connect to Fabric:","timestamp":"2026-04-17T22:30:53.950Z"}
{"level":"error","message":"Failed to connect to Fabric:","timestamp":"2026-04-17T22:31:29.519Z"}
{"level":"error","message":"Failed to connect to Fabric:","timestamp":"2026-04-17T22:31:34.185Z"}
{"level":"error","message":"Failed to connect to Fabric:","timestamp":"2026-04-17T22:31:35.552Z"}
{"level":"error","message":"Failed to connect to Fabric:","timestamp":"2026-04-17T22:32:09.565Z"}
{"level":"error","message":"Failed to connect to Fabric:","timestamp":"2026-04-17T22:32:14.874Z"}
{"level":"error","message":"Failed to connect to Fabric:","timestamp":"2026-04-17T22:32:21.301Z"}
{"level":"error","message":"Failed to connect to Fabric:","timestamp":"2026-04-17T22:32:24.733Z"}
{"level":"error","message":"Failed to connect to Fabric:","timestamp":"2026-04-17T22:35:33.875Z"}
{"level":"error","message":"Failed to connect to Fabric:","timestamp":"2026-04-17T22:35:52.697Z"}
{"level":"error","message":"Failed to connect to Fabric:","timestamp":"2026-04-17T22:36:37.183Z"}
{"level":"error","message":"Failed to connect to Fabric:","timestamp":"2026-04-17T22:37:48.559Z"}
{"level":"error","message":"Failed to connect to Fabric:","timestamp":"2026-04-17T22:37:58.644Z"}
{"level":"error","message":"Failed to connect to Fabric:","timestamp":"2026-04-17T22:38:06.384Z"}
{"level":"error","message":"Failed to connect to Fabric:","timestamp":"2026-04-17T22:40:17.959Z"}
{"level":"error","message":"Failed to connect to Fabric:","timestamp":"2026-04-17T22:40:43.226Z"}
{"level":"error","message":"Failed to connect to Fabric:","timestamp":"2026-04-17T22:40:47.140Z"}
{"level":"error","message":"Failed to connect to Fabric:","timestamp":"2026-04-17T22:40:48.730Z"}
{"level":"error","message":"Failed to connect to Fabric:","timestamp":"2026-04-17T22:40:52.688Z"}
{"level":"error","message":"Failed to connect to Fabric:","timestamp":"2026-04-17T22:41:52.216Z"}
{"level":"error","message":"Failed to connect to Fabric:","timestamp":"2026-04-17T22:41:55.085Z"}
{"level":"error","message":"Failed to connect to Fabric:","timestamp":"2026-04-17T22:41:57.234Z"}
{"level":"error","message":"Failed to connect to Fabric:","timestamp":"2026-04-17T22:42:00.416Z"}
{"level":"error","message":"Failed to connect to Fabric:","timestamp":"2026-04-17T22:42:04.419Z"}
{"level":"error","message":"Failed to connect to Fabric:","timestamp":"2026-04-17T22:43:14.586Z"}
{"level":"error","message":"Shutdown timeout — forcing exit","timestamp":"2026-04-17T22:52:01.286Z"}
{"level":"error","message":"Shutdown timeout — forcing exit","timestamp":"2026-04-17T22:52:18.138Z"}
{"level":"error","message":"Failed to connect to Fabric: cons is not defined","timestamp":"2026-04-17T23:04:23.269Z"}
{"level":"error","message":"Failed to connect to Fabric: cos is not defined","timestamp":"2026-04-17T23:05:00.800Z"}
{"level":"error","message":"Failed to connect to Fabric: ne is not defined","timestamp":"2026-04-17T23:05:07.477Z"}
{"level":"error","message":"storeOTPHash failed for user_123: TIMEOUT after 30s","timestamp":"2026-04-17T23:13:03.638Z"}
{"level":"error","message":"OTP request failed:","timestamp":"2026-04-17T23:13:03.638Z"}
{"level":"error","message":"Blockchain write failed: TIMEOUT after 30s","path":"/api/otp/request","stack":"Error: Blockchain write failed: TIMEOUT after 30s\n    at Object.storeOTPHash (/home/vishnu/Downloads/blockchain-otp-complete/blockchain-otp/backend/services/fabric-client.js:171:11)\n    at async /home/vishnu/Downloads/blockchain-otp-complete/blockchain-otp/backend/routes/otp.js:107:5","timestamp":"2026-04-17T23:13:03.640Z"}
{"level":"error","message":"Failed to connect to Fabric: ENOENT: no such file or directory, open '/home/vishnu/Downloads/blockchain-otp-complete/blockchain-otp/devops/fabric-samples/test-network/organizations/peerOrganizations/org1.valtrans.com/peers/peer0.org2.valtrans.com/tls/ca.crt'","timestamp":"2026-04-19T19:04:10.457Z"}
{"level":"error","message":"Error during server initialization: MongoDB is not connected.","stack":"Error: MongoDB is not connected.\n    at Server.<anonymous> (/home/vishnu/Downloads/blockchain-otp-complete/blockchain-otp/backend/server.js:83:53)\n    at process.processTicksAndRejections (node:internal/process/task_queues:105:5)","timestamp":"2026-04-19T19:07:26.732Z"}
{"level":"error","message":"storeOTPHash failed for user_123: contract.newProposal(...).then is not a function","timestamp":"2026-04-19T19:08:13.811Z"}
{"level":"error","message":"OTP request failed:","timestamp":"2026-04-19T19:08:13.811Z"}
{"level":"error","message":"Blockchain write failed: contract.newProposal(...).then is not a function","path":"/api/otp/request","stack":"Error: Blockchain write failed: contract.newProposal(...).then is not a function\n    at Object.storeOTPHash (/home/vishnu/Downloads/blockchain-otp-complete/blockchain-otp/backend/services/fabric-client.js:205:11)\n    at /home/vishnu/Downloads/blockchain-otp-complete/blockchain-otp/backend/routes/otp.js:107:18\n    at process.processTicksAndRejections (node:internal/process/task_queues:105:5)","timestamp":"2026-04-19T19:08:13.812Z"}
{"level":"error","message":"storeOTPHash failed for user_123: 4 DEADLINE_EXCEEDED: Deadline exceeded after 60.000s,name resolution: 0.005s,Waiting for LB pick","timestamp":"2026-04-19T19:13:10.256Z"}
{"level":"error","message":"OTP request failed:","timestamp":"2026-04-19T19:13:10.257Z"}
{"level":"error","message":"Blockchain write failed: 4 DEADLINE_EXCEEDED: Deadline exceeded after 60.000s,name resolution: 0.005s,Waiting for LB pick","path":"/api/otp/request","stack":"Error: Blockchain write failed: 4 DEADLINE_EXCEEDED: Deadline exceeded after 60.000s,name resolution: 0.005s,Waiting for LB pick\n    at Object.storeOTPHash (/home/vishnu/Downloads/blockchain-otp-complete/blockchain-otp/backend/services/fabric-client.js:205:11)\n    at process.processTicksAndRejections (node:internal/process/task_queues:105:5)\n    at async /home/vishnu/Downloads/blockchain-otp-complete/blockchain-otp/backend/routes/otp.js:107:5","timestamp":"2026-04-19T19:13:10.258Z"}
{"level":"error","message":"Failed to connect to Fabric: ENOENT: no such file or directory, open '/home/vishnu/Downloads/blockchain-otp-complete/blockchain-otp/devops/fabric-samples/test-network/organizations/peerOrganizations/org1.valtrans.com/peers/peer0.org2.valtrans.com/tls/ca.crt'","timestamp":"2026-04-19T19:30:08.917Z"}
{"level":"error","message":"Failed to connect to Fabric: network is not defined","timestamp":"2026-04-19T19:30:16.172Z"}
{"level":"error","message":"Failed to connect to Fabric: network is not defined","timestamp":"2026-04-19T19:30:23.058Z"}
{"level":"error","message":"storeOTPHash failed for user_123: contract.newProposal(...).then is not a function","timestamp":"2026-04-19T19:30:57.465Z"}
{"level":"error","message":"OTP request failed:","timestamp":"2026-04-19T19:30:57.465Z"}
{"level":"error","message":"Blockchain write failed: contract.newProposal(...).then is not a function","path":"/api/otp/request","stack":"Error: Blockchain write failed: contract.newProposal(...).then is not a function\n    at Object.storeOTPHash (/home/vishnu/Downloads/blockchain-otp-complete/blockchain-otp/backend/services/fabric-client.js:205:11)\n    at /home/vishnu/Downloads/blockchain-otp-complete/blockchain-otp/backend/routes/otp.js:107:18\n    at process.processTicksAndRejections (node:internal/process/task_queues:105:5)","timestamp":"2026-04-19T19:30:57.466Z"}
{"level":"error","message":"Failed to connect to Fabric: network is not defined","timestamp":"2026-04-19T19:33:38.397Z"}
{"level":"error","message":"Failed to connect to Fabric: network is not defined","timestamp":"2026-04-19T19:34:01.567Z"}
{"level":"error","message":"Failed to connect to Fabric: network is not defined","timestamp":"2026-04-19T19:34:04.821Z"}
{"level":"error","message":"Failed to connect to Fabric: network is not defined","timestamp":"2026-04-19T19:34:14.635Z"}
{"level":"error","message":"Failed to connect to Fabric: network is not defined","timestamp":"2026-04-19T19:35:38.119Z"}
{"level":"error","message":"Failed to connect to Fabric: network is not defined","timestamp":"2026-04-19T19:35:42.733Z"}
{"level":"error","message":"storeOTPHash failed for user_123: 4 DEADLINE_EXCEEDED: Deadline exceeded after 60.000s,name resolution: 0.013s,metadata filters: 0.001s,Waiting for LB pick","timestamp":"2026-04-19T19:37:03.045Z"}
{"level":"error","message":"OTP request failed:","timestamp":"2026-04-19T19:37:03.045Z"}
{"level":"error","message":"Blockchain write failed: 4 DEADLINE_EXCEEDED: Deadline exceeded after 60.000s,name resolution: 0.013s,metadata filters: 0.001s,Waiting for LB pick","path":"/api/otp/request","stack":"Error: Blockchain write failed: 4 DEADLINE_EXCEEDED: Deadline exceeded after 60.000s,name resolution: 0.013s,metadata filters: 0.001s,Waiting for LB pick\n    at Object.storeOTPHash (/home/vishnu/Downloads/blockchain-otp-complete/blockchain-otp/backend/services/fabric-client.js:205:11)\n    at process.processTicksAndRejections (node:internal/process/task_queues:105:5)\n    at async /home/vishnu/Downloads/blockchain-otp-complete/blockchain-otp/backend/routes/otp.js:107:5","timestamp":"2026-04-19T19:37:03.047Z"}
{"level":"error","message":"storeOTPHash failed for user_123: 4 DEADLINE_EXCEEDED: Deadline exceeded after 60.000s,name resolution: 0.004s,metadata filters: 0.001s,Waiting for LB pick","timestamp":"2026-04-19T19:40:20.440Z"}
{"level":"error","message":"OTP request failed:","timestamp":"2026-04-19T19:40:20.441Z"}
{"level":"error","message":"Blockchain write failed: 4 DEADLINE_EXCEEDED: Deadline exceeded after 60.000s,name resolution: 0.004s,metadata filters: 0.001s,Waiting for LB pick","path":"/api/otp/request","stack":"Error: Blockchain write failed: 4 DEADLINE_EXCEEDED: Deadline exceeded after 60.000s,name resolution: 0.004s,metadata filters: 0.001s,Waiting for LB pick\n    at Object.storeOTPHash (/home/vishnu/Downloads/blockchain-otp-complete/blockchain-otp/backend/services/fabric-client.js:205:11)\n    at process.processTicksAndRejections (node:internal/process/task_queues:105:5)\n    at async /home/vishnu/Downloads/blockchain-otp-complete/blockchain-otp/backend/routes/otp.js:107:5","timestamp":"2026-04-19T19:40:20.442Z"}
{"level":"error","message":"storeOTPHash failed for user_123: 4 DEADLINE_EXCEEDED: Deadline exceeded after 59.998s,name resolution: 0.005s,Waiting for LB pick","timestamp":"2026-04-19T19:49:18.571Z"}
{"level":"error","message":"OTP request failed:","timestamp":"2026-04-19T19:49:18.572Z"}
{"level":"error","message":"Blockchain write failed: 4 DEADLINE_EXCEEDED: Deadline exceeded after 59.998s,name resolution: 0.005s,Waiting for LB pick","path":"/api/otp/request","stack":"Error: Blockchain write failed: 4 DEADLINE_EXCEEDED: Deadline exceeded after 59.998s,name resolution: 0.005s,Waiting for LB pick\n    at Object.storeOTPHash (/home/vishnu/Downloads/blockchain-otp-complete/blockchain-otp/backend/services/fabric-client.js:205:11)\n    at process.processTicksAndRejections (node:internal/process/task_queues:105:5)\n    at async /home/vishnu/Downloads/blockchain-otp-complete/blockchain-otp/backend/routes/otp.js:107:5","timestamp":"2026-04-19T19:49:18.572Z"}
{"level":"error","message":"Failed to connect to Fabric: ENOENT: no such file or directory, open '/home/vishnu/Downloads/blockchain-otp-complete/blockchain-otp/backend/devops/fabric-samples/test-network/organizations/peerOrganizations/org1.valtrans.com/peers/peer0.org1.valtrans.com/tls/ca.crt'","timestamp":"2026-04-19T20:19:46.636Z"}
{"level":"error","message":"Failed to connect to Fabric: ENOENT: no such file or directory, open '/home/vishnu/Downloads/blockchain-otp-complete/blockchain-otp/backend/devops/fabric-samples/test-network/organizations/peerOrganizations/org1.valtrans.com/peers/peer0.org1.valtrans.com/tls/ca.crt'","timestamp":"2026-04-19T20:19:49.340Z"}
{"level":"error","message":"Failed to connect to Fabric: channelName is not defined","timestamp":"2026-04-19T20:20:54.589Z"}
{"level":"error","message":"Failed to connect to Fabric: channelName is not defined","timestamp":"2026-04-19T20:20:57.812Z"}
{"level":"error","message":"Failed to connect to Fabric: chaincodeName is not defined","timestamp":"2026-04-19T20:21:49.930Z"}
{"level":"error","message":"Failed to connect to Fabric: mspId is not defined","timestamp":"2026-04-19T20:21:55.606Z"}
{"level":"error","message":"Failed to connect to Fabric: cryptoPath is not defined","timestamp":"2026-04-19T20:22:03.210Z"}
{"level":"error","message":"storeOTPHash failed for user_123: contract.newProposal(...).then is not a function","timestamp":"2026-04-19T20:25:16.448Z"}
{"level":"error","message":"OTP request failed:","timestamp":"2026-04-19T20:25:16.448Z"}
{"level":"error","message":"Blockchain write failed: contract.newProposal(...).then is not a function","path":"/api/otp/request","stack":"Error: Blockchain write failed: contract.newProposal(...).then is not a function\n    at Object.storeOTPHash (/home/vishnu/Downloads/blockchain-otp-complete/blockchain-otp/backend/services/fabric-client.js:181:11)\n    at /home/vishnu/Downloads/blockchain-otp-complete/blockchain-otp/backend/routes/otp.js:107:18\n    at process.processTicksAndRejections (node:internal/process/task_queues:105:5)","timestamp":"2026-04-19T20:25:16.449Z"}
{"level":"error","message":"storeOTPHash failed for user_123: 4 DEADLINE_EXCEEDED: Deadline exceeded after 14.999s,name resolution: 0.018s,metadata filters: 0.001s,time to current attempt start: 0.001s,Waiting for LB pick","timestamp":"2026-04-19T20:27:05.064Z"}
{"level":"error","message":"OTP request failed:","timestamp":"2026-04-19T20:27:05.065Z"}
{"level":"error","message":"Blockchain write failed: 4 DEADLINE_EXCEEDED: Deadline exceeded after 14.999s,name resolution: 0.018s,metadata filters: 0.001s,time to current attempt start: 0.001s,Waiting for LB pick","path":"/api/otp/request","stack":"Error: Blockchain write failed: 4 DEADLINE_EXCEEDED: Deadline exceeded after 14.999s,name resolution: 0.018s,metadata filters: 0.001s,time to current attempt start: 0.001s,Waiting for LB pick\n    at Object.storeOTPHash (/home/vishnu/Downloads/blockchain-otp-complete/blockchain-otp/backend/services/fabric-client.js:179:11)\n    at process.processTicksAndRejections (node:internal/process/task_queues:105:5)\n    at async /home/vishnu/Downloads/blockchain-otp-complete/blockchain-otp/backend/routes/otp.js:107:5","timestamp":"2026-04-19T20:27:05.066Z"}
{"level":"error","message":"storeOTPHash failed for user_123: 4 DEADLINE_EXCEEDED: Deadline exceeded after 15.001s,name resolution: 0.018s,metadata filters: 0.001s,Waiting for LB pick","timestamp":"2026-04-19T20:31:30.749Z"}
{"level":"error","message":"OTP request failed:","timestamp":"2026-04-19T20:31:30.749Z"}
{"level":"error","message":"Blockchain write failed: 4 DEADLINE_EXCEEDED: Deadline exceeded after 15.001s,name resolution: 0.018s,metadata filters: 0.001s,Waiting for LB pick","path":"/api/otp/request","stack":"Error: Blockchain write failed: 4 DEADLINE_EXCEEDED: Deadline exceeded after 15.001s,name resolution: 0.018s,metadata filters: 0.001s,Waiting for LB pick\n    at Object.storeOTPHash (/home/vishnu/Downloads/blockchain-otp-complete/blockchain-otp/backend/services/fabric-client.js:181:11)\n    at process.processTicksAndRejections (node:internal/process/task_queues:105:5)\n    at async /home/vishnu/Downloads/blockchain-otp-complete/blockchain-otp/backend/routes/otp.js:107:5","timestamp":"2026-04-19T20:31:30.751Z"}
{"level":"error","message":"storeOTPHash failed for user_123: 4 DEADLINE_EXCEEDED: Deadline exceeded after 15.001s,name resolution: 0.014s,metadata filters: 0.001s,Waiting for LB pick","timestamp":"2026-04-19T20:33:17.184Z"}
{"level":"error","message":"OTP request failed:","timestamp":"2026-04-19T20:33:17.185Z"}
{"level":"error","message":"Blockchain write failed: 4 DEADLINE_EXCEEDED: Deadline exceeded after 15.001s,name resolution: 0.014s,metadata filters: 0.001s,Waiting for LB pick","path":"/api/otp/request","stack":"Error: Blockchain write failed: 4 DEADLINE_EXCEEDED: Deadline exceeded after 15.001s,name resolution: 0.014s,metadata filters: 0.001s,Waiting for LB pick\n    at Object.storeOTPHash (/home/vishnu/Downloads/blockchain-otp-complete/blockchain-otp/backend/services/fabric-client.js:181:11)\n    at process.processTicksAndRejections (node:internal/process/task_queues:105:5)\n    at async /home/vishnu/Downloads/blockchain-otp-complete/blockchain-otp/backend/routes/otp.js:107:5","timestamp":"2026-04-19T20:33:17.186Z"}
{"level":"error","message":"OTP request failed:","timestamp":"2026-04-19T20:35:39.116Z"}
{"level":"error","message":"Fabric client not connected. Call connectToFabric() first.","path":"/api/otp/request","stack":"Error: Fabric client not connected. Call connectToFabric() first.\n    at ensureConnected (/home/vishnu/Downloads/blockchain-otp-complete/blockchain-otp/backend/services/fabric-client.js:301:11)\n    at Object.storeOTPHash (/home/vishnu/Downloads/blockchain-otp-complete/blockchain-otp/backend/services/fabric-client.js:180:3)\n    at /home/vishnu/Downloads/blockchain-otp-complete/blockchain-otp/backend/routes/otp.js:107:18\n    at process.processTicksAndRejections (node:internal/process/task_queues:105:5)","timestamp":"2026-04-19T20:35:39.118Z"}
{"level":"error","message":"Failed to connect to Fabric: Peer not reachable at peer0.org1.valtrans.com:7051 (alias: peer0.org1.valtrans.com): Failed to connect before the deadline","timestamp":"2026-04-19T20:35:40.639Z"}
{"level":"error","message":"Failed to connect to Fabric: Peer not reachable at peer0.org1.valtrans.com:7051 (alias: peer0.org1.valtrans.com): Failed to connect before the deadline","timestamp":"2026-04-19T20:35:56.313Z"}
{"level":"error","message":"storeOTPHash failed for user_123: Channel has been shut down","timestamp":"2026-04-19T20:42:44.123Z"}
{"level":"error","message":"OTP request failed:","timestamp":"2026-04-19T20:42:44.123Z"}
{"level":"error","message":"Blockchain write failed: Channel has been shut down","path":"/api/otp/request","stack":"Error: Blockchain write failed: Channel has been shut down\n    at Object.storeOTPHash (/home/vishnu/Downloads/blockchain-otp-complete/blockchain-otp/backend/services/fabric-client.js:197:11)\n    at process.processTicksAndRejections (node:internal/process/task_queues:105:5)\n    at async /home/vishnu/Downloads/blockchain-otp-complete/blockchain-otp/backend/routes/otp.js:108:5","timestamp":"2026-04-19T20:42:44.124Z"}
